[2025-02-18T19:47:30.438+0000] {manager.py:483} INFO - Processing files using up to 2 processes at a time 
[2025-02-18T19:47:30.438+0000] {manager.py:484} INFO - Process each file at most once every 30 seconds
[2025-02-18T19:47:30.439+0000] {manager.py:485} INFO - Checking for new files in /opt/airflow/dags every 300 seconds
[2025-02-18T19:47:30.440+0000] {manager.py:821} INFO - Searching for files in /opt/airflow/dags
[2025-02-18T19:47:30.458+0000] {manager.py:824} INFO - There are 1 files in /opt/airflow/dags
[2025-02-18T19:47:30.605+0000] {manager.py:997} INFO - 
================================================================================
DAG File Processing Stats

File Path                                           PID  Runtime      # DAGs    # Errors  Last Runtime    Last Run      Last # of DB Queries
------------------------------------------------  -----  ---------  --------  ----------  --------------  ----------  ----------------------
/opt/airflow/dags/flight_price_prediction_dag.py     33  0.06s             0           0                                                   0
================================================================================
[2025-02-18T19:48:00.858+0000] {manager.py:997} INFO - 
================================================================================
DAG File Processing Stats

File Path                                           PID  Runtime      # DAGs    # Errors  Last Runtime    Last Run               Last # of DB Queries
------------------------------------------------  -----  ---------  --------  ----------  --------------  -------------------  ----------------------
/opt/airflow/dags/flight_price_prediction_dag.py     34  0.01s             0           1  0.14s           2025-02-18T19:47:30                       3
================================================================================
[2025-02-18T19:48:31.191+0000] {manager.py:997} INFO - 
================================================================================
DAG File Processing Stats

File Path                                           PID  Runtime      # DAGs    # Errors  Last Runtime    Last Run               Last # of DB Queries
------------------------------------------------  -----  ---------  --------  ----------  --------------  -------------------  ----------------------
/opt/airflow/dags/flight_price_prediction_dag.py     35  0.01s             0           1  0.13s           2025-02-18T19:48:00                       5
================================================================================
[2025-02-18T19:49:01.423+0000] {manager.py:997} INFO - 
================================================================================
DAG File Processing Stats

File Path                                           PID  Runtime      # DAGs    # Errors  Last Runtime    Last Run               Last # of DB Queries
------------------------------------------------  -----  ---------  --------  ----------  --------------  -------------------  ----------------------
/opt/airflow/dags/flight_price_prediction_dag.py     36  0.00s             0           1  0.13s           2025-02-18T19:48:31                       5
================================================================================
[2025-02-18T19:49:31.672+0000] {manager.py:997} INFO - 
================================================================================
DAG File Processing Stats

File Path                                           PID  Runtime      # DAGs    # Errors  Last Runtime    Last Run               Last # of DB Queries
------------------------------------------------  -----  ---------  --------  ----------  --------------  -------------------  ----------------------
/opt/airflow/dags/flight_price_prediction_dag.py     37  0.00s             0           1  0.07s           2025-02-18T19:49:01                       5
================================================================================
[2025-02-18T19:50:02.000+0000] {manager.py:997} INFO - 
================================================================================
DAG File Processing Stats

File Path                                           PID  Runtime      # DAGs    # Errors  Last Runtime    Last Run               Last # of DB Queries
------------------------------------------------  -----  ---------  --------  ----------  --------------  -------------------  ----------------------
/opt/airflow/dags/flight_price_prediction_dag.py     38  0.01s             0           1  0.11s           2025-02-18T19:49:31                       5
================================================================================
[2025-02-18T19:50:32.310+0000] {manager.py:997} INFO - 
================================================================================
DAG File Processing Stats

File Path                                           PID  Runtime      # DAGs    # Errors  Last Runtime    Last Run               Last # of DB Queries
------------------------------------------------  -----  ---------  --------  ----------  --------------  -------------------  ----------------------
/opt/airflow/dags/flight_price_prediction_dag.py     39  0.01s             0           1  0.09s           2025-02-18T19:50:02                       5
================================================================================
[2025-02-18T19:51:02.565+0000] {manager.py:997} INFO - 
================================================================================
DAG File Processing Stats

File Path                                           PID  Runtime      # DAGs    # Errors  Last Runtime    Last Run               Last # of DB Queries
------------------------------------------------  -----  ---------  --------  ----------  --------------  -------------------  ----------------------
/opt/airflow/dags/flight_price_prediction_dag.py     40  0.01s             0           1  0.13s           2025-02-18T19:50:32                       5
================================================================================
[2025-02-18T19:51:32.795+0000] {manager.py:997} INFO - 
================================================================================
DAG File Processing Stats

File Path                                           PID  Runtime      # DAGs    # Errors  Last Runtime    Last Run               Last # of DB Queries
------------------------------------------------  -----  ---------  --------  ----------  --------------  -------------------  ----------------------
/opt/airflow/dags/flight_price_prediction_dag.py     41  0.00s             0           1  0.12s           2025-02-18T19:51:02                       5
================================================================================
[2025-02-18T19:52:03.139+0000] {manager.py:997} INFO - 
================================================================================
DAG File Processing Stats

File Path                                           PID  Runtime      # DAGs    # Errors  Last Runtime    Last Run               Last # of DB Queries
------------------------------------------------  -----  ---------  --------  ----------  --------------  -------------------  ----------------------
/opt/airflow/dags/flight_price_prediction_dag.py     42  0.01s             0           1  0.10s           2025-02-18T19:51:32                       5
================================================================================
[2025-02-18T19:52:31.352+0000] {manager.py:821} INFO - Searching for files in /opt/airflow/dags
[2025-02-18T19:52:31.373+0000] {manager.py:824} INFO - There are 1 files in /opt/airflow/dags
[2025-02-18T19:52:33.413+0000] {manager.py:997} INFO - 
================================================================================
DAG File Processing Stats

File Path                                           PID  Runtime      # DAGs    # Errors  Last Runtime    Last Run               Last # of DB Queries
------------------------------------------------  -----  ---------  --------  ----------  --------------  -------------------  ----------------------
/opt/airflow/dags/flight_price_prediction_dag.py     43  0.00s             0           1  0.10s           2025-02-18T19:52:03                       5
================================================================================
[2025-02-18T19:53:03.679+0000] {manager.py:997} INFO - 
================================================================================
DAG File Processing Stats

File Path                                           PID  Runtime      # DAGs    # Errors  Last Runtime    Last Run               Last # of DB Queries
------------------------------------------------  -----  ---------  --------  ----------  --------------  -------------------  ----------------------
/opt/airflow/dags/flight_price_prediction_dag.py     44  0.01s             0           1  0.08s           2025-02-18T19:52:33                       5
================================================================================
[2025-02-18T19:53:33.964+0000] {manager.py:997} INFO - 
================================================================================
DAG File Processing Stats

File Path                                           PID  Runtime      # DAGs    # Errors  Last Runtime    Last Run               Last # of DB Queries
------------------------------------------------  -----  ---------  --------  ----------  --------------  -------------------  ----------------------
/opt/airflow/dags/flight_price_prediction_dag.py     45  0.01s             0           1  0.12s           2025-02-18T19:53:03                       5
================================================================================
[2025-02-18T19:54:04.281+0000] {manager.py:997} INFO - 
================================================================================
DAG File Processing Stats

File Path                                           PID  Runtime      # DAGs    # Errors  Last Runtime    Last Run               Last # of DB Queries
------------------------------------------------  -----  ---------  --------  ----------  --------------  -------------------  ----------------------
/opt/airflow/dags/flight_price_prediction_dag.py     46  0.00s             0           1  0.10s           2025-02-18T19:53:34                       5
================================================================================
[2025-02-18T19:54:34.531+0000] {manager.py:997} INFO - 
================================================================================
DAG File Processing Stats

File Path                                           PID  Runtime      # DAGs    # Errors  Last Runtime    Last Run               Last # of DB Queries
------------------------------------------------  -----  ---------  --------  ----------  --------------  -------------------  ----------------------
/opt/airflow/dags/flight_price_prediction_dag.py     47  0.01s             0           1  0.09s           2025-02-18T19:54:04                       5
================================================================================
[2025-02-18T19:54:36.375+0000] {manager.py:465} INFO - Exiting gracefully upon receiving signal 15
[2025-02-18T19:55:26.330+0000] {manager.py:483} INFO - Processing files using up to 2 processes at a time 
[2025-02-18T19:55:26.330+0000] {manager.py:484} INFO - Process each file at most once every 30 seconds
[2025-02-18T19:55:26.331+0000] {manager.py:485} INFO - Checking for new files in /opt/airflow/dags every 300 seconds
[2025-02-18T19:55:26.332+0000] {manager.py:821} INFO - Searching for files in /opt/airflow/dags
[2025-02-18T19:55:26.370+0000] {manager.py:824} INFO - There are 1 files in /opt/airflow/dags
[2025-02-18T19:55:26.493+0000] {manager.py:997} INFO - 
================================================================================
DAG File Processing Stats

File Path                                           PID  Runtime      # DAGs    # Errors  Last Runtime    Last Run      Last # of DB Queries
------------------------------------------------  -----  ---------  --------  ----------  --------------  ----------  ----------------------
/opt/airflow/dags/flight_price_prediction_dag.py     33  0.05s             0           0                                                   0
================================================================================
[2025-02-18T19:55:56.728+0000] {manager.py:997} INFO - 
================================================================================
DAG File Processing Stats

File Path                                           PID  Runtime      # DAGs    # Errors  Last Runtime    Last Run               Last # of DB Queries
------------------------------------------------  -----  ---------  --------  ----------  --------------  -------------------  ----------------------
/opt/airflow/dags/flight_price_prediction_dag.py     34  0.01s             0           1  0.17s           2025-02-18T19:55:26                       3
================================================================================
[2025-02-18T19:56:27.074+0000] {manager.py:997} INFO - 
================================================================================
DAG File Processing Stats

File Path                                           PID  Runtime      # DAGs    # Errors  Last Runtime    Last Run               Last # of DB Queries
------------------------------------------------  -----  ---------  --------  ----------  --------------  -------------------  ----------------------
/opt/airflow/dags/flight_price_prediction_dag.py     35  0.01s             0           1  0.13s           2025-02-18T19:55:56                       5
================================================================================
[2025-02-18T19:56:57.328+0000] {manager.py:997} INFO - 
================================================================================
DAG File Processing Stats

File Path                                           PID  Runtime      # DAGs    # Errors  Last Runtime    Last Run               Last # of DB Queries
------------------------------------------------  -----  ---------  --------  ----------  --------------  -------------------  ----------------------
/opt/airflow/dags/flight_price_prediction_dag.py     36  0.01s             0           1  0.11s           2025-02-18T19:56:27                       5
================================================================================
[2025-02-18T19:57:27.623+0000] {manager.py:997} INFO - 
================================================================================
DAG File Processing Stats

File Path                                           PID  Runtime      # DAGs    # Errors  Last Runtime    Last Run               Last # of DB Queries
------------------------------------------------  -----  ---------  --------  ----------  --------------  -------------------  ----------------------
/opt/airflow/dags/flight_price_prediction_dag.py     37  0.01s             0           1  0.08s           2025-02-18T19:56:57                       5
================================================================================
[2025-02-18T19:57:57.859+0000] {manager.py:997} INFO - 
================================================================================
DAG File Processing Stats

File Path                                           PID  Runtime      # DAGs    # Errors  Last Runtime    Last Run               Last # of DB Queries
------------------------------------------------  -----  ---------  --------  ----------  --------------  -------------------  ----------------------
/opt/airflow/dags/flight_price_prediction_dag.py     38  0.01s             0           1  0.09s           2025-02-18T19:57:27                       5
================================================================================
[2025-02-18T19:58:28.148+0000] {manager.py:997} INFO - 
================================================================================
DAG File Processing Stats

File Path                                           PID  Runtime      # DAGs    # Errors  Last Runtime    Last Run               Last # of DB Queries
------------------------------------------------  -----  ---------  --------  ----------  --------------  -------------------  ----------------------
/opt/airflow/dags/flight_price_prediction_dag.py     39  0.01s             0           1  0.09s           2025-02-18T19:57:57                       5
================================================================================
[2025-02-18T19:58:58.384+0000] {manager.py:997} INFO - 
================================================================================
DAG File Processing Stats

File Path                                           PID  Runtime      # DAGs    # Errors  Last Runtime    Last Run               Last # of DB Queries
------------------------------------------------  -----  ---------  --------  ----------  --------------  -------------------  ----------------------
/opt/airflow/dags/flight_price_prediction_dag.py     40  0.01s             0           1  0.11s           2025-02-18T19:58:28                       5
================================================================================
[2025-02-18T19:59:28.701+0000] {manager.py:997} INFO - 
================================================================================
DAG File Processing Stats

File Path                                           PID  Runtime      # DAGs    # Errors  Last Runtime    Last Run               Last # of DB Queries
------------------------------------------------  -----  ---------  --------  ----------  --------------  -------------------  ----------------------
/opt/airflow/dags/flight_price_prediction_dag.py     41  0.01s             0           1  0.09s           2025-02-18T19:58:58                       5
================================================================================
[2025-02-18T19:59:58.959+0000] {manager.py:997} INFO - 
================================================================================
DAG File Processing Stats

File Path                                           PID  Runtime      # DAGs    # Errors  Last Runtime    Last Run               Last # of DB Queries
------------------------------------------------  -----  ---------  --------  ----------  --------------  -------------------  ----------------------
/opt/airflow/dags/flight_price_prediction_dag.py     42  0.01s             0           1  0.10s           2025-02-18T19:59:28                       5
================================================================================
[2025-02-18T20:00:27.236+0000] {manager.py:821} INFO - Searching for files in /opt/airflow/dags
[2025-02-18T20:00:27.279+0000] {manager.py:824} INFO - There are 1 files in /opt/airflow/dags
[2025-02-18T20:00:29.324+0000] {manager.py:997} INFO - 
================================================================================
DAG File Processing Stats

File Path                                           PID  Runtime      # DAGs    # Errors  Last Runtime    Last Run               Last # of DB Queries
------------------------------------------------  -----  ---------  --------  ----------  --------------  -------------------  ----------------------
/opt/airflow/dags/flight_price_prediction_dag.py     43  0.01s             0           1  0.09s           2025-02-18T19:59:59                       5
================================================================================
[2025-02-18T20:00:59.602+0000] {manager.py:997} INFO - 
================================================================================
DAG File Processing Stats

File Path                                           PID  Runtime      # DAGs    # Errors  Last Runtime    Last Run               Last # of DB Queries
------------------------------------------------  -----  ---------  --------  ----------  --------------  -------------------  ----------------------
/opt/airflow/dags/flight_price_prediction_dag.py     44  0.01s             0           1  0.12s           2025-02-18T20:00:29                       5
================================================================================
[2025-02-18T20:01:29.913+0000] {manager.py:997} INFO - 
================================================================================
DAG File Processing Stats

File Path                                           PID  Runtime      # DAGs    # Errors  Last Runtime    Last Run               Last # of DB Queries
------------------------------------------------  -----  ---------  --------  ----------  --------------  -------------------  ----------------------
/opt/airflow/dags/flight_price_prediction_dag.py     45  0.01s             0           1  0.11s           2025-02-18T20:00:59                       5
================================================================================
[2025-02-18T20:02:00.188+0000] {manager.py:997} INFO - 
================================================================================
DAG File Processing Stats

File Path                                           PID  Runtime      # DAGs    # Errors  Last Runtime    Last Run               Last # of DB Queries
------------------------------------------------  -----  ---------  --------  ----------  --------------  -------------------  ----------------------
/opt/airflow/dags/flight_price_prediction_dag.py     46  0.01s             0           1  0.08s           2025-02-18T20:01:29                       5
================================================================================
[2025-02-18T20:02:30.461+0000] {manager.py:997} INFO - 
================================================================================
DAG File Processing Stats

File Path                                           PID  Runtime      # DAGs    # Errors  Last Runtime    Last Run               Last # of DB Queries
------------------------------------------------  -----  ---------  --------  ----------  --------------  -------------------  ----------------------
/opt/airflow/dags/flight_price_prediction_dag.py     47  0.01s             0           1  0.10s           2025-02-18T20:02:00                       5
================================================================================
[2025-02-18T20:03:00.742+0000] {manager.py:997} INFO - 
================================================================================
DAG File Processing Stats

File Path                                           PID  Runtime      # DAGs    # Errors  Last Runtime    Last Run               Last # of DB Queries
------------------------------------------------  -----  ---------  --------  ----------  --------------  -------------------  ----------------------
/opt/airflow/dags/flight_price_prediction_dag.py     48  0.01s             0           1  0.09s           2025-02-18T20:02:30                       5
================================================================================
[2025-02-18T20:03:30.988+0000] {manager.py:997} INFO - 
================================================================================
DAG File Processing Stats

File Path                                           PID  Runtime      # DAGs    # Errors  Last Runtime    Last Run               Last # of DB Queries
------------------------------------------------  -----  ---------  --------  ----------  --------------  -------------------  ----------------------
/opt/airflow/dags/flight_price_prediction_dag.py     49  0.01s             0           1  0.14s           2025-02-18T20:03:00                       5
================================================================================
[2025-02-18T20:04:01.219+0000] {manager.py:997} INFO - 
================================================================================
DAG File Processing Stats

File Path                                           PID  Runtime      # DAGs    # Errors  Last Runtime    Last Run               Last # of DB Queries
------------------------------------------------  -----  ---------  --------  ----------  --------------  -------------------  ----------------------
/opt/airflow/dags/flight_price_prediction_dag.py     50  0.01s             0           1  0.10s           2025-02-18T20:03:31                       5
================================================================================
[2025-02-18T20:04:31.523+0000] {manager.py:997} INFO - 
================================================================================
DAG File Processing Stats

File Path                                           PID  Runtime      # DAGs    # Errors  Last Runtime    Last Run               Last # of DB Queries
------------------------------------------------  -----  ---------  --------  ----------  --------------  -------------------  ----------------------
/opt/airflow/dags/flight_price_prediction_dag.py     51  0.01s             0           1  0.08s           2025-02-18T20:04:01                       5
================================================================================
[2025-02-18T20:05:01.783+0000] {manager.py:997} INFO - 
================================================================================
DAG File Processing Stats

File Path                                           PID  Runtime      # DAGs    # Errors  Last Runtime    Last Run               Last # of DB Queries
------------------------------------------------  -----  ---------  --------  ----------  --------------  -------------------  ----------------------
/opt/airflow/dags/flight_price_prediction_dag.py     52  0.01s             0           1  0.09s           2025-02-18T20:04:31                       5
================================================================================
[2025-02-18T20:05:28.027+0000] {manager.py:821} INFO - Searching for files in /opt/airflow/dags
[2025-02-18T20:05:28.059+0000] {manager.py:824} INFO - There are 1 files in /opt/airflow/dags
[2025-02-18T20:05:32.121+0000] {manager.py:997} INFO - 
================================================================================
DAG File Processing Stats

File Path                                           PID  Runtime      # DAGs    # Errors  Last Runtime    Last Run               Last # of DB Queries
------------------------------------------------  -----  ---------  --------  ----------  --------------  -------------------  ----------------------
/opt/airflow/dags/flight_price_prediction_dag.py     53  0.01s             0           1  0.11s           2025-02-18T20:05:01                       5
================================================================================
[2025-02-18T20:06:02.374+0000] {manager.py:997} INFO - 
================================================================================
DAG File Processing Stats

File Path                                           PID  Runtime      # DAGs    # Errors  Last Runtime    Last Run               Last # of DB Queries
------------------------------------------------  -----  ---------  --------  ----------  --------------  -------------------  ----------------------
/opt/airflow/dags/flight_price_prediction_dag.py     54  0.01s             0           1  0.09s           2025-02-18T20:05:32                       5
================================================================================
[2025-02-18T20:06:32.640+0000] {manager.py:997} INFO - 
================================================================================
DAG File Processing Stats

File Path                                           PID  Runtime      # DAGs    # Errors  Last Runtime    Last Run               Last # of DB Queries
------------------------------------------------  -----  ---------  --------  ----------  --------------  -------------------  ----------------------
/opt/airflow/dags/flight_price_prediction_dag.py     55  0.01s             0           1  0.09s           2025-02-18T20:06:02                       5
================================================================================
[2025-02-18T20:07:02.895+0000] {manager.py:997} INFO - 
================================================================================
DAG File Processing Stats

File Path                                           PID  Runtime      # DAGs    # Errors  Last Runtime    Last Run               Last # of DB Queries
------------------------------------------------  -----  ---------  --------  ----------  --------------  -------------------  ----------------------
/opt/airflow/dags/flight_price_prediction_dag.py     56  0.01s             0           1  0.10s           2025-02-18T20:06:32                       5
================================================================================
[2025-02-18T20:07:09.857+0000] {manager.py:465} INFO - Exiting gracefully upon receiving signal 15
[2025-02-18T20:19:39.966+0000] {manager.py:483} INFO - Processing files using up to 2 processes at a time 
[2025-02-18T20:19:39.968+0000] {manager.py:484} INFO - Process each file at most once every 30 seconds
[2025-02-18T20:19:39.969+0000] {manager.py:485} INFO - Checking for new files in /opt/airflow/dags every 300 seconds
[2025-02-18T20:19:39.971+0000] {manager.py:821} INFO - Searching for files in /opt/airflow/dags
[2025-02-18T20:19:40.117+0000] {manager.py:824} INFO - There are 1 files in /opt/airflow/dags
[2025-02-18T20:19:40.369+0000] {manager.py:997} INFO - 
================================================================================
DAG File Processing Stats

File Path                                           PID  Runtime      # DAGs    # Errors  Last Runtime    Last Run      Last # of DB Queries
------------------------------------------------  -----  ---------  --------  ----------  --------------  ----------  ----------------------
/opt/airflow/dags/flight_price_prediction_dag.py     33  0.08s             0           0                                                   0
================================================================================
[2025-02-18T20:20:10.703+0000] {manager.py:997} INFO - 
================================================================================
DAG File Processing Stats

File Path                                           PID  Runtime      # DAGs    # Errors  Last Runtime    Last Run               Last # of DB Queries
------------------------------------------------  -----  ---------  --------  ----------  --------------  -------------------  ----------------------
/opt/airflow/dags/flight_price_prediction_dag.py     34  0.01s             0           1  0.23s           2025-02-18T20:19:40                       3
================================================================================
[2025-02-18T20:20:41.047+0000] {manager.py:997} INFO - 
================================================================================
DAG File Processing Stats

File Path                                           PID  Runtime      # DAGs    # Errors  Last Runtime    Last Run               Last # of DB Queries
------------------------------------------------  -----  ---------  --------  ----------  --------------  -------------------  ----------------------
/opt/airflow/dags/flight_price_prediction_dag.py     35  0.01s             0           1  0.11s           2025-02-18T20:20:10                       5
================================================================================
[2025-02-18T20:21:11.301+0000] {manager.py:997} INFO - 
================================================================================
DAG File Processing Stats

File Path                                           PID  Runtime      # DAGs    # Errors  Last Runtime    Last Run               Last # of DB Queries
------------------------------------------------  -----  ---------  --------  ----------  --------------  -------------------  ----------------------
/opt/airflow/dags/flight_price_prediction_dag.py     36  0.00s             0           1  0.09s           2025-02-18T20:20:41                       5
================================================================================
[2025-02-18T20:21:41.621+0000] {manager.py:997} INFO - 
================================================================================
DAG File Processing Stats

File Path                                           PID  Runtime      # DAGs    # Errors  Last Runtime    Last Run               Last # of DB Queries
------------------------------------------------  -----  ---------  --------  ----------  --------------  -------------------  ----------------------
/opt/airflow/dags/flight_price_prediction_dag.py     37  0.01s             0           1  0.10s           2025-02-18T20:21:11                       5
================================================================================
[2025-02-18T20:22:11.875+0000] {manager.py:997} INFO - 
================================================================================
DAG File Processing Stats

File Path                                           PID  Runtime      # DAGs    # Errors  Last Runtime    Last Run               Last # of DB Queries
------------------------------------------------  -----  ---------  --------  ----------  --------------  -------------------  ----------------------
/opt/airflow/dags/flight_price_prediction_dag.py     38  0.01s             0           1  0.10s           2025-02-18T20:21:41                       5
================================================================================
[2025-02-18T20:22:42.161+0000] {manager.py:997} INFO - 
================================================================================
DAG File Processing Stats

File Path                                           PID  Runtime      # DAGs    # Errors  Last Runtime    Last Run               Last # of DB Queries
------------------------------------------------  -----  ---------  --------  ----------  --------------  -------------------  ----------------------
/opt/airflow/dags/flight_price_prediction_dag.py     39  0.00s             0           1  0.09s           2025-02-18T20:22:11                       5
================================================================================
[2025-02-18T20:23:12.474+0000] {manager.py:997} INFO - 
================================================================================
DAG File Processing Stats

File Path                                           PID  Runtime      # DAGs    # Errors  Last Runtime    Last Run               Last # of DB Queries
------------------------------------------------  -----  ---------  --------  ----------  --------------  -------------------  ----------------------
/opt/airflow/dags/flight_price_prediction_dag.py     40  0.01s             0           1  0.10s           2025-02-18T20:22:42                       5
================================================================================
[2025-02-18T20:23:42.790+0000] {manager.py:997} INFO - 
================================================================================
DAG File Processing Stats

File Path                                           PID  Runtime      # DAGs    # Errors  Last Runtime    Last Run               Last # of DB Queries
------------------------------------------------  -----  ---------  --------  ----------  --------------  -------------------  ----------------------
/opt/airflow/dags/flight_price_prediction_dag.py     41  0.01s             0           1  0.11s           2025-02-18T20:23:12                       5
================================================================================
[2025-02-18T20:24:08.567+0000] {manager.py:465} INFO - Exiting gracefully upon receiving signal 15
[2025-02-18T20:25:43.522+0000] {manager.py:483} INFO - Processing files using up to 2 processes at a time 
[2025-02-18T20:25:43.523+0000] {manager.py:484} INFO - Process each file at most once every 30 seconds
[2025-02-18T20:25:43.524+0000] {manager.py:485} INFO - Checking for new files in /opt/airflow/dags every 300 seconds
[2025-02-18T20:25:43.525+0000] {manager.py:821} INFO - Searching for files in /opt/airflow/dags
[2025-02-18T20:25:43.633+0000] {manager.py:824} INFO - There are 1 files in /opt/airflow/dags
[2025-02-18T20:25:43.780+0000] {manager.py:997} INFO - 
================================================================================
DAG File Processing Stats

File Path                                           PID  Runtime      # DAGs    # Errors  Last Runtime    Last Run      Last # of DB Queries
------------------------------------------------  -----  ---------  --------  ----------  --------------  ----------  ----------------------
/opt/airflow/dags/flight_price_prediction_dag.py     34  0.04s             0           0                                                   0
================================================================================
[2025-02-18T20:26:14.100+0000] {manager.py:997} INFO - 
================================================================================
DAG File Processing Stats

File Path                                           PID  Runtime      # DAGs    # Errors  Last Runtime    Last Run               Last # of DB Queries
------------------------------------------------  -----  ---------  --------  ----------  --------------  -------------------  ----------------------
/opt/airflow/dags/flight_price_prediction_dag.py     35  0.01s             0           1  0.13s           2025-02-18T20:25:43                       3
================================================================================
[2025-02-18T20:26:44.450+0000] {manager.py:997} INFO - 
================================================================================
DAG File Processing Stats

File Path                                           PID  Runtime      # DAGs    # Errors  Last Runtime    Last Run               Last # of DB Queries
------------------------------------------------  -----  ---------  --------  ----------  --------------  -------------------  ----------------------
/opt/airflow/dags/flight_price_prediction_dag.py     36  0.01s             0           1  0.12s           2025-02-18T20:26:14                       5
================================================================================
[2025-02-18T20:27:14.817+0000] {manager.py:997} INFO - 
================================================================================
DAG File Processing Stats

File Path                                           PID  Runtime      # DAGs    # Errors  Last Runtime    Last Run               Last # of DB Queries
------------------------------------------------  -----  ---------  --------  ----------  --------------  -------------------  ----------------------
/opt/airflow/dags/flight_price_prediction_dag.py     37  0.01s             0           1  0.09s           2025-02-18T20:26:44                       5
================================================================================
[2025-02-18T20:27:45.153+0000] {manager.py:997} INFO - 
================================================================================
DAG File Processing Stats

File Path                                           PID  Runtime      # DAGs    # Errors  Last Runtime    Last Run               Last # of DB Queries
------------------------------------------------  -----  ---------  --------  ----------  --------------  -------------------  ----------------------
/opt/airflow/dags/flight_price_prediction_dag.py     38  0.01s             0           1  0.12s           2025-02-18T20:27:14                       5
================================================================================
[2025-02-18T20:28:15.502+0000] {manager.py:997} INFO - 
================================================================================
DAG File Processing Stats

File Path                                           PID  Runtime      # DAGs    # Errors  Last Runtime    Last Run               Last # of DB Queries
------------------------------------------------  -----  ---------  --------  ----------  --------------  -------------------  ----------------------
/opt/airflow/dags/flight_price_prediction_dag.py     39  0.01s             0           1  0.11s           2025-02-18T20:27:45                       5
================================================================================
[2025-02-18T20:28:45.834+0000] {manager.py:997} INFO - 
================================================================================
DAG File Processing Stats

File Path                                           PID  Runtime      # DAGs    # Errors  Last Runtime    Last Run               Last # of DB Queries
------------------------------------------------  -----  ---------  --------  ----------  --------------  -------------------  ----------------------
/opt/airflow/dags/flight_price_prediction_dag.py     40  0.01s             0           1  0.12s           2025-02-18T20:28:15                       5
================================================================================
[2025-02-18T20:29:16.209+0000] {manager.py:997} INFO - 
================================================================================
DAG File Processing Stats

File Path                                           PID  Runtime      # DAGs    # Errors  Last Runtime    Last Run               Last # of DB Queries
------------------------------------------------  -----  ---------  --------  ----------  --------------  -------------------  ----------------------
/opt/airflow/dags/flight_price_prediction_dag.py     41  0.01s             0           1  0.12s           2025-02-18T20:28:45                       5
================================================================================
[2025-02-18T20:29:46.552+0000] {manager.py:997} INFO - 
================================================================================
DAG File Processing Stats

File Path                                           PID  Runtime      # DAGs    # Errors  Last Runtime    Last Run               Last # of DB Queries
------------------------------------------------  -----  ---------  --------  ----------  --------------  -------------------  ----------------------
/opt/airflow/dags/flight_price_prediction_dag.py     42  0.01s             0           1  0.18s           2025-02-18T20:29:16                       5
================================================================================
[2025-02-18T20:30:16.984+0000] {manager.py:997} INFO - 
================================================================================
DAG File Processing Stats

File Path                                           PID  Runtime      # DAGs    # Errors  Last Runtime    Last Run               Last # of DB Queries
------------------------------------------------  -----  ---------  --------  ----------  --------------  -------------------  ----------------------
/opt/airflow/dags/flight_price_prediction_dag.py     43  0.01s             0           1  0.13s           2025-02-18T20:29:46                       5
================================================================================
[2025-02-18T20:30:19.395+0000] {manager.py:465} INFO - Exiting gracefully upon receiving signal 15
