[2025-11-18T01:55:09.889+0000] {manager.py:470} INFO - Processing files using up to 2 processes at a time 
[2025-11-18T01:55:09.889+0000] {manager.py:471} INFO - Process each file at most once every 30 seconds
[2025-11-18T01:55:09.889+0000] {manager.py:472} INFO - Checking for new files in /opt/airflow/dags every 300 seconds
[2025-11-18T01:55:09.890+0000] {manager.py:737} INFO - Searching for files in /opt/airflow/dags
[2025-11-18T01:55:09.895+0000] {manager.py:740} INFO - There are 1 files in /opt/airflow/dags
[2025-11-18T01:55:09.933+0000] {manager.py:878} INFO - 
================================================================================
DAG File Processing Stats

File Path                                           PID  Runtime      # DAGs    # Errors  Last Runtime    Last Run
------------------------------------------------  -----  ---------  --------  ----------  --------------  ----------
/opt/airflow/dags/flight_price_prediction_dag.py     31  0.02s             0           0
================================================================================
[2025-11-18T01:55:40.148+0000] {manager.py:878} INFO - 
================================================================================
DAG File Processing Stats

File Path                                           PID  Runtime      # DAGs    # Errors  Last Runtime    Last Run
------------------------------------------------  -----  ---------  --------  ----------  --------------  -------------------
/opt/airflow/dags/flight_price_prediction_dag.py     32  0.01s             0           1  0.03s           2025-11-18T01:55:09
================================================================================
[2025-11-18T01:56:10.413+0000] {manager.py:878} INFO - 
================================================================================
DAG File Processing Stats

File Path                                           PID  Runtime      # DAGs    # Errors  Last Runtime    Last Run
------------------------------------------------  -----  ---------  --------  ----------  --------------  -------------------
/opt/airflow/dags/flight_price_prediction_dag.py     33  0.01s             0           1  0.05s           2025-11-18T01:55:40
================================================================================
[2025-11-18T01:56:40.644+0000] {manager.py:878} INFO - 
================================================================================
DAG File Processing Stats

File Path                                           PID  Runtime      # DAGs    # Errors  Last Runtime    Last Run
------------------------------------------------  -----  ---------  --------  ----------  --------------  -------------------
/opt/airflow/dags/flight_price_prediction_dag.py     34  0.01s             0           1  0.05s           2025-11-18T01:56:10
================================================================================
[2025-11-18T01:57:10.869+0000] {manager.py:878} INFO - 
================================================================================
DAG File Processing Stats

File Path                                           PID  Runtime      # DAGs    # Errors  Last Runtime    Last Run
------------------------------------------------  -----  ---------  --------  ----------  --------------  -------------------
/opt/airflow/dags/flight_price_prediction_dag.py     35  0.00s             0           1  0.05s           2025-11-18T01:56:40
================================================================================
[2025-11-18T01:57:41.091+0000] {manager.py:878} INFO - 
================================================================================
DAG File Processing Stats

File Path                                           PID  Runtime      # DAGs    # Errors  Last Runtime    Last Run
------------------------------------------------  -----  ---------  --------  ----------  --------------  -------------------
/opt/airflow/dags/flight_price_prediction_dag.py     42  0.00s             0           1  0.04s           2025-11-18T01:57:10
================================================================================
[2025-11-18T01:58:11.346+0000] {manager.py:878} INFO - 
================================================================================
DAG File Processing Stats

File Path                                         PID    Runtime      # DAGs    # Errors  Last Runtime    Last Run
------------------------------------------------  -----  ---------  --------  ----------  --------------  -------------------
/opt/airflow/dags/flight_price_prediction_dag.py                           0           1  0.04s           2025-11-18T01:57:50
================================================================================
[2025-11-18T01:58:41.610+0000] {manager.py:878} INFO - 
================================================================================
DAG File Processing Stats

File Path                                         PID    Runtime      # DAGs    # Errors  Last Runtime    Last Run
------------------------------------------------  -----  ---------  --------  ----------  --------------  -------------------
/opt/airflow/dags/flight_price_prediction_dag.py                           0           1  0.05s           2025-11-18T01:58:20
================================================================================
[2025-11-18T01:58:47.548+0000] {manager.py:452} INFO - Exiting gracefully upon receiving signal 15
[2025-11-18T01:58:52.908+0000] {manager.py:470} INFO - Processing files using up to 2 processes at a time 
[2025-11-18T01:58:52.908+0000] {manager.py:471} INFO - Process each file at most once every 30 seconds
[2025-11-18T01:58:52.908+0000] {manager.py:472} INFO - Checking for new files in /opt/airflow/dags every 300 seconds
[2025-11-18T01:58:52.908+0000] {manager.py:737} INFO - Searching for files in /opt/airflow/dags
[2025-11-18T01:58:52.917+0000] {manager.py:740} INFO - There are 1 files in /opt/airflow/dags
[2025-11-18T01:58:52.948+0000] {manager.py:878} INFO - 
================================================================================
DAG File Processing Stats

File Path                                           PID  Runtime      # DAGs    # Errors  Last Runtime    Last Run
------------------------------------------------  -----  ---------  --------  ----------  --------------  ----------
/opt/airflow/dags/flight_price_prediction_dag.py     31  0.02s             0           0
================================================================================
[2025-11-18T01:59:21.663+0000] {manager.py:452} INFO - Exiting gracefully upon receiving signal 15
[2025-11-18T02:07:18.305+0000] {manager.py:470} INFO - Processing files using up to 2 processes at a time 
[2025-11-18T02:07:18.306+0000] {manager.py:471} INFO - Process each file at most once every 30 seconds
[2025-11-18T02:07:18.306+0000] {manager.py:472} INFO - Checking for new files in /opt/airflow/dags every 300 seconds
[2025-11-18T02:07:18.306+0000] {manager.py:737} INFO - Searching for files in /opt/airflow/dags
[2025-11-18T02:07:18.315+0000] {manager.py:740} INFO - There are 1 files in /opt/airflow/dags
[2025-11-18T02:07:18.357+0000] {manager.py:878} INFO - 
================================================================================
DAG File Processing Stats

File Path                                           PID  Runtime      # DAGs    # Errors  Last Runtime    Last Run
------------------------------------------------  -----  ---------  --------  ----------  --------------  ----------
/opt/airflow/dags/flight_price_prediction_dag.py     31  0.02s             0           0
================================================================================
[2025-11-18T02:07:48.572+0000] {manager.py:878} INFO - 
================================================================================
DAG File Processing Stats

File Path                                           PID  Runtime      # DAGs    # Errors  Last Runtime    Last Run
------------------------------------------------  -----  ---------  --------  ----------  --------------  -------------------
/opt/airflow/dags/flight_price_prediction_dag.py     32  0.00s             0           1  0.03s           2025-11-18T02:07:18
================================================================================
[2025-11-18T02:08:18.824+0000] {manager.py:878} INFO - 
================================================================================
DAG File Processing Stats

File Path                                           PID  Runtime      # DAGs    # Errors  Last Runtime    Last Run
------------------------------------------------  -----  ---------  --------  ----------  --------------  -------------------
/opt/airflow/dags/flight_price_prediction_dag.py     39  0.00s             0           1  0.04s           2025-11-18T02:07:48
================================================================================
[2025-11-18T02:08:49.083+0000] {manager.py:878} INFO - 
================================================================================
DAG File Processing Stats

File Path                                           PID  Runtime      # DAGs    # Errors  Last Runtime    Last Run
------------------------------------------------  -----  ---------  --------  ----------  --------------  -------------------
/opt/airflow/dags/flight_price_prediction_dag.py     62  0.01s             0           1  0.04s           2025-11-18T02:08:18
================================================================================
[2025-11-18T02:09:19.333+0000] {manager.py:878} INFO - 
================================================================================
DAG File Processing Stats

File Path                                           PID  Runtime      # DAGs    # Errors  Last Runtime    Last Run
------------------------------------------------  -----  ---------  --------  ----------  --------------  -------------------
/opt/airflow/dags/flight_price_prediction_dag.py    101  0.00s             0           1  0.04s           2025-11-18T02:08:49
================================================================================
[2025-11-18T02:09:49.564+0000] {manager.py:878} INFO - 
================================================================================
DAG File Processing Stats

File Path                                           PID  Runtime      # DAGs    # Errors  Last Runtime    Last Run
------------------------------------------------  -----  ---------  --------  ----------  --------------  -------------------
/opt/airflow/dags/flight_price_prediction_dag.py    145  0.00s             0           1  0.03s           2025-11-18T02:09:19
================================================================================
[2025-11-18T02:10:19.781+0000] {manager.py:878} INFO - 
================================================================================
DAG File Processing Stats

File Path                                           PID  Runtime      # DAGs    # Errors  Last Runtime    Last Run
------------------------------------------------  -----  ---------  --------  ----------  --------------  -------------------
/opt/airflow/dags/flight_price_prediction_dag.py    146  0.01s             0           1  0.02s           2025-11-18T02:09:49
================================================================================
[2025-11-18T02:10:50.021+0000] {manager.py:878} INFO - 
================================================================================
DAG File Processing Stats

File Path                                           PID  Runtime      # DAGs    # Errors  Last Runtime    Last Run
------------------------------------------------  -----  ---------  --------  ----------  --------------  -------------------
/opt/airflow/dags/flight_price_prediction_dag.py    147  0.01s             0           1  0.04s           2025-11-18T02:10:19
================================================================================
[2025-11-18T02:11:20.258+0000] {manager.py:878} INFO - 
================================================================================
DAG File Processing Stats

File Path                                           PID  Runtime      # DAGs    # Errors  Last Runtime    Last Run
------------------------------------------------  -----  ---------  --------  ----------  --------------  -------------------
/opt/airflow/dags/flight_price_prediction_dag.py    173  0.00s             0           1  0.05s           2025-11-18T02:10:50
================================================================================
[2025-11-18T02:11:50.519+0000] {manager.py:878} INFO - 
================================================================================
DAG File Processing Stats

File Path                                           PID  Runtime      # DAGs    # Errors  Last Runtime    Last Run
------------------------------------------------  -----  ---------  --------  ----------  --------------  -------------------
/opt/airflow/dags/flight_price_prediction_dag.py    174  0.01s             0           1  0.04s           2025-11-18T02:11:20
================================================================================
[2025-11-18T02:12:18.751+0000] {manager.py:737} INFO - Searching for files in /opt/airflow/dags
[2025-11-18T02:12:18.769+0000] {manager.py:740} INFO - There are 1 files in /opt/airflow/dags
[2025-11-18T02:12:20.805+0000] {manager.py:878} INFO - 
================================================================================
DAG File Processing Stats

File Path                                           PID  Runtime      # DAGs    # Errors  Last Runtime    Last Run
------------------------------------------------  -----  ---------  --------  ----------  --------------  -------------------
/opt/airflow/dags/flight_price_prediction_dag.py    175  0.00s             0           1  0.06s           2025-11-18T02:11:50
================================================================================
[2025-11-18T02:12:51.078+0000] {manager.py:878} INFO - 
================================================================================
DAG File Processing Stats

File Path                                           PID  Runtime      # DAGs    # Errors  Last Runtime    Last Run
------------------------------------------------  -----  ---------  --------  ----------  --------------  -------------------
/opt/airflow/dags/flight_price_prediction_dag.py    176  0.00s             0           1  0.04s           2025-11-18T02:12:20
================================================================================
[2025-11-18T02:13:21.340+0000] {manager.py:878} INFO - 
================================================================================
DAG File Processing Stats

File Path                                           PID  Runtime      # DAGs    # Errors  Last Runtime    Last Run
------------------------------------------------  -----  ---------  --------  ----------  --------------  -------------------
/opt/airflow/dags/flight_price_prediction_dag.py    177  0.01s             0           1  0.04s           2025-11-18T02:12:51
================================================================================
[2025-11-18T02:13:51.613+0000] {manager.py:878} INFO - 
================================================================================
DAG File Processing Stats

File Path                                           PID  Runtime      # DAGs    # Errors  Last Runtime    Last Run
------------------------------------------------  -----  ---------  --------  ----------  --------------  -------------------
/opt/airflow/dags/flight_price_prediction_dag.py    178  0.01s             0           1  0.04s           2025-11-18T02:13:21
================================================================================
[2025-11-18T02:14:21.869+0000] {manager.py:878} INFO - 
================================================================================
DAG File Processing Stats

File Path                                         PID    Runtime      # DAGs    # Errors  Last Runtime    Last Run
------------------------------------------------  -----  ---------  --------  ----------  --------------  -------------------
/opt/airflow/dags/flight_price_prediction_dag.py                           1           0  0.67s           2025-11-18T02:13:54
================================================================================
[2025-11-18T02:14:52.113+0000] {manager.py:878} INFO - 
================================================================================
DAG File Processing Stats

File Path                                         PID    Runtime      # DAGs    # Errors  Last Runtime    Last Run
------------------------------------------------  -----  ---------  --------  ----------  --------------  -------------------
/opt/airflow/dags/flight_price_prediction_dag.py                           1           0  0.45s           2025-11-18T02:14:25
================================================================================
[2025-11-18T02:15:22.876+0000] {manager.py:878} INFO - 
================================================================================
DAG File Processing Stats

File Path                                         PID    Runtime      # DAGs    # Errors  Last Runtime    Last Run
------------------------------------------------  -----  ---------  --------  ----------  --------------  -------------------
/opt/airflow/dags/flight_price_prediction_dag.py                           1           0  0.42s           2025-11-18T02:15:03
================================================================================
[2025-11-18T02:15:53.162+0000] {manager.py:878} INFO - 
================================================================================
DAG File Processing Stats

File Path                                         PID    Runtime      # DAGs    # Errors  Last Runtime    Last Run
------------------------------------------------  -----  ---------  --------  ----------  --------------  -------------------
/opt/airflow/dags/flight_price_prediction_dag.py                           1           0  0.46s           2025-11-18T02:15:34
================================================================================
[2025-11-18T02:16:23.304+0000] {manager.py:878} INFO - 
================================================================================
DAG File Processing Stats

File Path                                         PID    Runtime      # DAGs    # Errors  Last Runtime    Last Run
------------------------------------------------  -----  ---------  --------  ----------  --------------  -------------------
/opt/airflow/dags/flight_price_prediction_dag.py                           1           0  0.45s           2025-11-18T02:16:05
================================================================================
[2025-11-18T02:16:53.570+0000] {manager.py:878} INFO - 
================================================================================
DAG File Processing Stats

File Path                                         PID    Runtime      # DAGs    # Errors  Last Runtime    Last Run
------------------------------------------------  -----  ---------  --------  ----------  --------------  -------------------
/opt/airflow/dags/flight_price_prediction_dag.py                           1           0  0.43s           2025-11-18T02:16:35
================================================================================
[2025-11-18T02:17:19.219+0000] {manager.py:737} INFO - Searching for files in /opt/airflow/dags
[2025-11-18T02:17:19.232+0000] {manager.py:740} INFO - There are 1 files in /opt/airflow/dags
[2025-11-18T02:17:23.680+0000] {manager.py:878} INFO - 
================================================================================
DAG File Processing Stats

File Path                                         PID    Runtime      # DAGs    # Errors  Last Runtime    Last Run
------------------------------------------------  -----  ---------  --------  ----------  --------------  -------------------
/opt/airflow/dags/flight_price_prediction_dag.py                           1           0  0.46s           2025-11-18T02:17:06
================================================================================
[2025-11-18T02:17:53.916+0000] {manager.py:878} INFO - 
================================================================================
DAG File Processing Stats

File Path                                         PID    Runtime      # DAGs    # Errors  Last Runtime    Last Run
------------------------------------------------  -----  ---------  --------  ----------  --------------  -------------------
/opt/airflow/dags/flight_price_prediction_dag.py                           1           0  0.45s           2025-11-18T02:17:37
================================================================================
[2025-11-18T02:18:24.012+0000] {manager.py:878} INFO - 
================================================================================
DAG File Processing Stats

File Path                                         PID    Runtime      # DAGs    # Errors  Last Runtime    Last Run
------------------------------------------------  -----  ---------  --------  ----------  --------------  -------------------
/opt/airflow/dags/flight_price_prediction_dag.py                           1           0  0.43s           2025-11-18T02:18:07
================================================================================
[2025-11-18T02:18:54.247+0000] {manager.py:878} INFO - 
================================================================================
DAG File Processing Stats

File Path                                         PID    Runtime      # DAGs    # Errors  Last Runtime    Last Run
------------------------------------------------  -----  ---------  --------  ----------  --------------  -------------------
/opt/airflow/dags/flight_price_prediction_dag.py                           1           0  0.44s           2025-11-18T02:18:38
================================================================================
[2025-11-18T02:19:24.421+0000] {manager.py:878} INFO - 
================================================================================
DAG File Processing Stats

File Path                                         PID    Runtime      # DAGs    # Errors  Last Runtime    Last Run
------------------------------------------------  -----  ---------  --------  ----------  --------------  -------------------
/opt/airflow/dags/flight_price_prediction_dag.py                           1           0  0.50s           2025-11-18T02:19:09
================================================================================
[2025-11-18T02:19:54.676+0000] {manager.py:878} INFO - 
================================================================================
DAG File Processing Stats

File Path                                         PID    Runtime      # DAGs    # Errors  Last Runtime    Last Run
------------------------------------------------  -----  ---------  --------  ----------  --------------  -------------------
/opt/airflow/dags/flight_price_prediction_dag.py                           1           0  0.45s           2025-11-18T02:19:40
================================================================================
[2025-11-18T02:20:24.771+0000] {manager.py:878} INFO - 
================================================================================
DAG File Processing Stats

File Path                                         PID    Runtime      # DAGs    # Errors  Last Runtime    Last Run
------------------------------------------------  -----  ---------  --------  ----------  --------------  -------------------
/opt/airflow/dags/flight_price_prediction_dag.py                           1           0  0.45s           2025-11-18T02:20:10
================================================================================
[2025-11-18T02:20:55.018+0000] {manager.py:878} INFO - 
================================================================================
DAG File Processing Stats

File Path                                         PID    Runtime      # DAGs    # Errors  Last Runtime    Last Run
------------------------------------------------  -----  ---------  --------  ----------  --------------  -------------------
/opt/airflow/dags/flight_price_prediction_dag.py                           1           0  0.44s           2025-11-18T02:20:41
================================================================================
[2025-11-18T02:21:25.129+0000] {manager.py:878} INFO - 
================================================================================
DAG File Processing Stats

File Path                                         PID    Runtime      # DAGs    # Errors  Last Runtime    Last Run
------------------------------------------------  -----  ---------  --------  ----------  --------------  -------------------
/opt/airflow/dags/flight_price_prediction_dag.py                           1           0  0.43s           2025-11-18T02:21:12
================================================================================
[2025-11-18T02:21:55.391+0000] {manager.py:878} INFO - 
================================================================================
DAG File Processing Stats

File Path                                         PID    Runtime      # DAGs    # Errors  Last Runtime    Last Run
------------------------------------------------  -----  ---------  --------  ----------  --------------  -------------------
/opt/airflow/dags/flight_price_prediction_dag.py                           1           0  0.45s           2025-11-18T02:21:42
================================================================================
[2025-11-18T02:22:19.425+0000] {manager.py:737} INFO - Searching for files in /opt/airflow/dags
[2025-11-18T02:22:19.435+0000] {manager.py:740} INFO - There are 1 files in /opt/airflow/dags
[2025-11-18T02:22:25.490+0000] {manager.py:878} INFO - 
================================================================================
DAG File Processing Stats

File Path                                         PID    Runtime      # DAGs    # Errors  Last Runtime    Last Run
------------------------------------------------  -----  ---------  --------  ----------  --------------  -------------------
/opt/airflow/dags/flight_price_prediction_dag.py                           1           0  0.44s           2025-11-18T02:22:13
================================================================================
[2025-11-18T02:22:55.718+0000] {manager.py:878} INFO - 
================================================================================
DAG File Processing Stats

File Path                                         PID    Runtime      # DAGs    # Errors  Last Runtime    Last Run
------------------------------------------------  -----  ---------  --------  ----------  --------------  -------------------
/opt/airflow/dags/flight_price_prediction_dag.py                           1           0  0.43s           2025-11-18T02:22:44
================================================================================
[2025-11-18T02:23:25.831+0000] {manager.py:878} INFO - 
================================================================================
DAG File Processing Stats

File Path                                         PID    Runtime      # DAGs    # Errors  Last Runtime    Last Run
------------------------------------------------  -----  ---------  --------  ----------  --------------  -------------------
/opt/airflow/dags/flight_price_prediction_dag.py                           1           0  0.42s           2025-11-18T02:23:14
================================================================================
[2025-11-18T02:23:56.044+0000] {manager.py:878} INFO - 
================================================================================
DAG File Processing Stats

File Path                                         PID    Runtime      # DAGs    # Errors  Last Runtime    Last Run
------------------------------------------------  -----  ---------  --------  ----------  --------------  -------------------
/opt/airflow/dags/flight_price_prediction_dag.py                           1           0  0.44s           2025-11-18T02:23:45
================================================================================
[2025-11-18T02:24:26.137+0000] {manager.py:878} INFO - 
================================================================================
DAG File Processing Stats

File Path                                         PID    Runtime      # DAGs    # Errors  Last Runtime    Last Run
------------------------------------------------  -----  ---------  --------  ----------  --------------  -------------------
/opt/airflow/dags/flight_price_prediction_dag.py                           1           0  0.43s           2025-11-18T02:24:16
================================================================================
[2025-11-18T02:24:56.372+0000] {manager.py:878} INFO - 
================================================================================
DAG File Processing Stats

File Path                                         PID    Runtime      # DAGs    # Errors  Last Runtime    Last Run
------------------------------------------------  -----  ---------  --------  ----------  --------------  -------------------
/opt/airflow/dags/flight_price_prediction_dag.py                           1           0  0.43s           2025-11-18T02:24:46
================================================================================
[2025-11-18T02:25:26.564+0000] {manager.py:878} INFO - 
================================================================================
DAG File Processing Stats

File Path                                         PID    Runtime      # DAGs    # Errors  Last Runtime    Last Run
------------------------------------------------  -----  ---------  --------  ----------  --------------  -------------------
/opt/airflow/dags/flight_price_prediction_dag.py                           1           0  0.52s           2025-11-18T02:25:17
================================================================================
[2025-11-18T02:25:56.830+0000] {manager.py:878} INFO - 
================================================================================
DAG File Processing Stats

File Path                                         PID    Runtime      # DAGs    # Errors  Last Runtime    Last Run
------------------------------------------------  -----  ---------  --------  ----------  --------------  -------------------
/opt/airflow/dags/flight_price_prediction_dag.py                           1           0  0.45s           2025-11-18T02:25:48
================================================================================
[2025-11-18T02:26:27.007+0000] {manager.py:878} INFO - 
================================================================================
DAG File Processing Stats

File Path                                         PID    Runtime      # DAGs    # Errors  Last Runtime    Last Run
------------------------------------------------  -----  ---------  --------  ----------  --------------  -------------------
/opt/airflow/dags/flight_price_prediction_dag.py                           1           0  0.48s           2025-11-18T02:26:18
================================================================================
[2025-11-18T02:26:57.244+0000] {manager.py:878} INFO - 
================================================================================
DAG File Processing Stats

File Path                                         PID    Runtime      # DAGs    # Errors  Last Runtime    Last Run
------------------------------------------------  -----  ---------  --------  ----------  --------------  -------------------
/opt/airflow/dags/flight_price_prediction_dag.py                           1           0  0.46s           2025-11-18T02:26:49
================================================================================
[2025-11-18T02:27:19.898+0000] {manager.py:737} INFO - Searching for files in /opt/airflow/dags
[2025-11-18T02:27:19.914+0000] {manager.py:740} INFO - There are 1 files in /opt/airflow/dags
[2025-11-18T02:27:27.415+0000] {manager.py:878} INFO - 
================================================================================
DAG File Processing Stats

File Path                                         PID    Runtime      # DAGs    # Errors  Last Runtime    Last Run
------------------------------------------------  -----  ---------  --------  ----------  --------------  -------------------
/opt/airflow/dags/flight_price_prediction_dag.py                           1           0  0.43s           2025-11-18T02:27:20
================================================================================
[2025-11-18T02:27:57.627+0000] {manager.py:878} INFO - 
================================================================================
DAG File Processing Stats

File Path                                         PID    Runtime      # DAGs    # Errors  Last Runtime    Last Run
------------------------------------------------  -----  ---------  --------  ----------  --------------  -------------------
/opt/airflow/dags/flight_price_prediction_dag.py                           1           0  0.55s           2025-11-18T02:27:51
================================================================================
[2025-11-18T02:28:27.865+0000] {manager.py:878} INFO - 
================================================================================
DAG File Processing Stats

File Path                                         PID    Runtime      # DAGs    # Errors  Last Runtime    Last Run
------------------------------------------------  -----  ---------  --------  ----------  --------------  -------------------
/opt/airflow/dags/flight_price_prediction_dag.py                           1           0  0.45s           2025-11-18T02:28:21
================================================================================
[2025-11-18T02:28:58.121+0000] {manager.py:878} INFO - 
================================================================================
DAG File Processing Stats

File Path                                         PID    Runtime      # DAGs    # Errors  Last Runtime    Last Run
------------------------------------------------  -----  ---------  --------  ----------  --------------  -------------------
/opt/airflow/dags/flight_price_prediction_dag.py                           1           0  0.47s           2025-11-18T02:28:52
================================================================================
[2025-11-18T02:29:28.373+0000] {manager.py:878} INFO - 
================================================================================
DAG File Processing Stats

File Path                                         PID    Runtime      # DAGs    # Errors  Last Runtime    Last Run
------------------------------------------------  -----  ---------  --------  ----------  --------------  -------------------
/opt/airflow/dags/flight_price_prediction_dag.py                           1           0  0.52s           2025-11-18T02:29:23
================================================================================
[2025-11-18T02:29:59.129+0000] {manager.py:878} INFO - 
================================================================================
DAG File Processing Stats

File Path                                         PID    Runtime      # DAGs    # Errors  Last Runtime    Last Run
------------------------------------------------  -----  ---------  --------  ----------  --------------  -------------------
/opt/airflow/dags/flight_price_prediction_dag.py                           1           0  0.51s           2025-11-18T02:29:54
================================================================================
[2025-11-18T02:30:22.199+0000] {manager.py:452} INFO - Exiting gracefully upon receiving signal 15
[2025-11-18T02:32:33.096+0000] {manager.py:470} INFO - Processing files using up to 2 processes at a time 
[2025-11-18T02:32:33.097+0000] {manager.py:471} INFO - Process each file at most once every 30 seconds
[2025-11-18T02:32:33.097+0000] {manager.py:472} INFO - Checking for new files in /opt/airflow/dags every 300 seconds
[2025-11-18T02:32:33.097+0000] {manager.py:737} INFO - Searching for files in /opt/airflow/dags
[2025-11-18T02:32:33.102+0000] {manager.py:740} INFO - There are 1 files in /opt/airflow/dags
[2025-11-18T02:32:33.138+0000] {manager.py:878} INFO - 
================================================================================
DAG File Processing Stats

File Path                                           PID  Runtime      # DAGs    # Errors  Last Runtime    Last Run
------------------------------------------------  -----  ---------  --------  ----------  --------------  ----------
/opt/airflow/dags/flight_price_prediction_dag.py     31  0.02s             0           0
================================================================================
[2025-11-18T02:33:03.343+0000] {manager.py:878} INFO - 
================================================================================
DAG File Processing Stats

File Path                                         PID    Runtime      # DAGs    # Errors  Last Runtime    Last Run
------------------------------------------------  -----  ---------  --------  ----------  --------------  -------------------
/opt/airflow/dags/flight_price_prediction_dag.py                           0           1  0.62s           2025-11-18T02:32:33
================================================================================
[2025-11-18T02:33:33.373+0000] {manager.py:878} INFO - 
================================================================================
DAG File Processing Stats

File Path                                         PID    Runtime      # DAGs    # Errors  Last Runtime    Last Run
------------------------------------------------  -----  ---------  --------  ----------  --------------  -------------------
/opt/airflow/dags/flight_price_prediction_dag.py                           0           1  0.21s           2025-11-18T02:33:04
================================================================================
[2025-11-18T02:34:03.586+0000] {manager.py:878} INFO - 
================================================================================
DAG File Processing Stats

File Path                                         PID    Runtime      # DAGs    # Errors  Last Runtime    Last Run
------------------------------------------------  -----  ---------  --------  ----------  --------------  -------------------
/opt/airflow/dags/flight_price_prediction_dag.py                           0           1  0.16s           2025-11-18T02:33:34
================================================================================
[2025-11-18T02:34:33.787+0000] {manager.py:878} INFO - 
================================================================================
DAG File Processing Stats

File Path                                         PID    Runtime      # DAGs    # Errors  Last Runtime    Last Run
------------------------------------------------  -----  ---------  --------  ----------  --------------  -------------------
/opt/airflow/dags/flight_price_prediction_dag.py                           1           0  0.63s           2025-11-18T02:34:05
================================================================================
[2025-11-18T02:35:04.021+0000] {manager.py:878} INFO - 
================================================================================
DAG File Processing Stats

File Path                                         PID    Runtime      # DAGs    # Errors  Last Runtime    Last Run
------------------------------------------------  -----  ---------  --------  ----------  --------------  -------------------
/opt/airflow/dags/flight_price_prediction_dag.py                           1           0  0.58s           2025-11-18T02:34:36
================================================================================
[2025-11-18T02:35:34.490+0000] {manager.py:878} INFO - 
================================================================================
DAG File Processing Stats

File Path                                         PID    Runtime      # DAGs    # Errors  Last Runtime    Last Run
------------------------------------------------  -----  ---------  --------  ----------  --------------  -------------------
/opt/airflow/dags/flight_price_prediction_dag.py                           1           0  0.43s           2025-11-18T02:35:06
================================================================================
[2025-11-18T02:36:04.939+0000] {manager.py:878} INFO - 
================================================================================
DAG File Processing Stats

File Path                                         PID    Runtime      # DAGs    # Errors  Last Runtime    Last Run
------------------------------------------------  -----  ---------  --------  ----------  --------------  -------------------
/opt/airflow/dags/flight_price_prediction_dag.py                           1           0  0.52s           2025-11-18T02:35:37
================================================================================
[2025-11-18T02:36:35.040+0000] {manager.py:878} INFO - 
================================================================================
DAG File Processing Stats

File Path                                         PID    Runtime      # DAGs    # Errors  Last Runtime    Last Run
------------------------------------------------  -----  ---------  --------  ----------  --------------  -------------------
/opt/airflow/dags/flight_price_prediction_dag.py                           1           0  0.57s           2025-11-18T02:36:07
================================================================================
[2025-11-18T02:37:05.765+0000] {manager.py:878} INFO - 
================================================================================
DAG File Processing Stats

File Path                                         PID    Runtime      # DAGs    # Errors  Last Runtime    Last Run
------------------------------------------------  -----  ---------  --------  ----------  --------------  -------------------
/opt/airflow/dags/flight_price_prediction_dag.py                           1           0  0.59s           2025-11-18T02:36:38
================================================================================
[2025-11-18T02:37:33.110+0000] {manager.py:737} INFO - Searching for files in /opt/airflow/dags
[2025-11-18T02:37:33.128+0000] {manager.py:740} INFO - There are 1 files in /opt/airflow/dags
[2025-11-18T02:37:36.166+0000] {manager.py:878} INFO - 
================================================================================
DAG File Processing Stats

File Path                                         PID    Runtime      # DAGs    # Errors  Last Runtime    Last Run
------------------------------------------------  -----  ---------  --------  ----------  --------------  -------------------
/opt/airflow/dags/flight_price_prediction_dag.py                           1           0  0.46s           2025-11-18T02:37:09
================================================================================
[2025-11-18T02:38:06.694+0000] {manager.py:878} INFO - 
================================================================================
DAG File Processing Stats

File Path                                         PID    Runtime      # DAGs    # Errors  Last Runtime    Last Run
------------------------------------------------  -----  ---------  --------  ----------  --------------  -------------------
/opt/airflow/dags/flight_price_prediction_dag.py                           1           0  0.43s           2025-11-18T02:37:39
================================================================================
[2025-11-18T02:38:36.836+0000] {manager.py:878} INFO - 
================================================================================
DAG File Processing Stats

File Path                                         PID    Runtime      # DAGs    # Errors  Last Runtime    Last Run
------------------------------------------------  -----  ---------  --------  ----------  --------------  -------------------
/opt/airflow/dags/flight_price_prediction_dag.py                           1           0  0.46s           2025-11-18T02:38:10
================================================================================
[2025-11-18T02:39:07.083+0000] {manager.py:878} INFO - 
================================================================================
DAG File Processing Stats

File Path                                         PID    Runtime      # DAGs    # Errors  Last Runtime    Last Run
------------------------------------------------  -----  ---------  --------  ----------  --------------  -------------------
/opt/airflow/dags/flight_price_prediction_dag.py                           1           0  0.55s           2025-11-18T02:38:41
================================================================================
[2025-11-18T02:39:37.293+0000] {manager.py:878} INFO - 
================================================================================
DAG File Processing Stats

File Path                                         PID    Runtime      # DAGs    # Errors  Last Runtime    Last Run
------------------------------------------------  -----  ---------  --------  ----------  --------------  -------------------
/opt/airflow/dags/flight_price_prediction_dag.py                           1           0  0.43s           2025-11-18T02:39:12
================================================================================
[2025-11-18T02:40:07.560+0000] {manager.py:878} INFO - 
================================================================================
DAG File Processing Stats

File Path                                         PID    Runtime      # DAGs    # Errors  Last Runtime    Last Run
------------------------------------------------  -----  ---------  --------  ----------  --------------  -------------------
/opt/airflow/dags/flight_price_prediction_dag.py                           1           0  0.54s           2025-11-18T02:39:42
================================================================================
[2025-11-18T02:40:37.744+0000] {manager.py:878} INFO - 
================================================================================
DAG File Processing Stats

File Path                                         PID    Runtime      # DAGs    # Errors  Last Runtime    Last Run
------------------------------------------------  -----  ---------  --------  ----------  --------------  -------------------
/opt/airflow/dags/flight_price_prediction_dag.py                           1           0  0.43s           2025-11-18T02:40:13
================================================================================
[2025-11-18T02:41:07.987+0000] {manager.py:878} INFO - 
================================================================================
DAG File Processing Stats

File Path                                         PID    Runtime      # DAGs    # Errors  Last Runtime    Last Run
------------------------------------------------  -----  ---------  --------  ----------  --------------  -------------------
/opt/airflow/dags/flight_price_prediction_dag.py                           1           0  0.45s           2025-11-18T02:40:44
================================================================================
[2025-11-18T02:41:38.097+0000] {manager.py:878} INFO - 
================================================================================
DAG File Processing Stats

File Path                                         PID    Runtime      # DAGs    # Errors  Last Runtime    Last Run
------------------------------------------------  -----  ---------  --------  ----------  --------------  -------------------
/opt/airflow/dags/flight_price_prediction_dag.py                           1           0  0.45s           2025-11-18T02:41:14
================================================================================
[2025-11-18T02:42:08.324+0000] {manager.py:878} INFO - 
================================================================================
DAG File Processing Stats

File Path                                         PID    Runtime      # DAGs    # Errors  Last Runtime    Last Run
------------------------------------------------  -----  ---------  --------  ----------  --------------  -------------------
/opt/airflow/dags/flight_price_prediction_dag.py                           1           0  0.51s           2025-11-18T02:41:45
================================================================================
[2025-11-18T02:42:33.449+0000] {manager.py:737} INFO - Searching for files in /opt/airflow/dags
[2025-11-18T02:42:33.459+0000] {manager.py:740} INFO - There are 1 files in /opt/airflow/dags
[2025-11-18T02:42:38.497+0000] {manager.py:878} INFO - 
================================================================================
DAG File Processing Stats

File Path                                         PID    Runtime      # DAGs    # Errors  Last Runtime    Last Run
------------------------------------------------  -----  ---------  --------  ----------  --------------  -------------------
/opt/airflow/dags/flight_price_prediction_dag.py                           1           0  0.43s           2025-11-18T02:42:16
================================================================================
[2025-11-18T02:43:08.762+0000] {manager.py:878} INFO - 
================================================================================
DAG File Processing Stats

File Path                                         PID    Runtime      # DAGs    # Errors  Last Runtime    Last Run
------------------------------------------------  -----  ---------  --------  ----------  --------------  -------------------
/opt/airflow/dags/flight_price_prediction_dag.py                           1           0  0.45s           2025-11-18T02:42:47
================================================================================
[2025-11-18T02:43:38.827+0000] {manager.py:878} INFO - 
================================================================================
DAG File Processing Stats

File Path                                         PID    Runtime      # DAGs    # Errors  Last Runtime    Last Run
------------------------------------------------  -----  ---------  --------  ----------  --------------  -------------------
/opt/airflow/dags/flight_price_prediction_dag.py                           1           0  0.42s           2025-11-18T02:43:17
================================================================================
[2025-11-18T02:44:09.620+0000] {manager.py:878} INFO - 
================================================================================
DAG File Processing Stats

File Path                                         PID    Runtime      # DAGs    # Errors  Last Runtime    Last Run
------------------------------------------------  -----  ---------  --------  ----------  --------------  -------------------
/opt/airflow/dags/flight_price_prediction_dag.py                           1           0  0.61s           2025-11-18T02:43:48
================================================================================
[2025-11-18T02:44:39.874+0000] {manager.py:878} INFO - 
================================================================================
DAG File Processing Stats

File Path                                         PID    Runtime      # DAGs    # Errors  Last Runtime    Last Run
------------------------------------------------  -----  ---------  --------  ----------  --------------  -------------------
/opt/airflow/dags/flight_price_prediction_dag.py                           1           0  0.44s           2025-11-18T02:44:19
================================================================================
[2025-11-18T02:45:10.032+0000] {manager.py:878} INFO - 
================================================================================
DAG File Processing Stats

File Path                                         PID    Runtime      # DAGs    # Errors  Last Runtime    Last Run
------------------------------------------------  -----  ---------  --------  ----------  --------------  -------------------
/opt/airflow/dags/flight_price_prediction_dag.py                           1           0  0.45s           2025-11-18T02:44:49
================================================================================
[2025-11-18T02:45:40.297+0000] {manager.py:878} INFO - 
================================================================================
DAG File Processing Stats

File Path                                         PID    Runtime      # DAGs    # Errors  Last Runtime    Last Run
------------------------------------------------  -----  ---------  --------  ----------  --------------  -------------------
/opt/airflow/dags/flight_price_prediction_dag.py                           1           0  0.51s           2025-11-18T02:45:20
================================================================================
[2025-11-18T02:46:10.554+0000] {manager.py:878} INFO - 
================================================================================
DAG File Processing Stats

File Path                                         PID    Runtime      # DAGs    # Errors  Last Runtime    Last Run
------------------------------------------------  -----  ---------  --------  ----------  --------------  -------------------
/opt/airflow/dags/flight_price_prediction_dag.py                           1           0  0.52s           2025-11-18T02:45:51
================================================================================
[2025-11-18T02:46:41.263+0000] {manager.py:878} INFO - 
================================================================================
DAG File Processing Stats

File Path                                         PID    Runtime      # DAGs    # Errors  Last Runtime    Last Run
------------------------------------------------  -----  ---------  --------  ----------  --------------  -------------------
/opt/airflow/dags/flight_price_prediction_dag.py                           1           0  0.52s           2025-11-18T02:46:22
================================================================================
[2025-11-18T02:47:11.542+0000] {manager.py:878} INFO - 
================================================================================
DAG File Processing Stats

File Path                                         PID    Runtime      # DAGs    # Errors  Last Runtime    Last Run
------------------------------------------------  -----  ---------  --------  ----------  --------------  -------------------
/opt/airflow/dags/flight_price_prediction_dag.py                           1           0  0.47s           2025-11-18T02:46:52
================================================================================
[2025-11-18T02:47:33.577+0000] {manager.py:737} INFO - Searching for files in /opt/airflow/dags
[2025-11-18T02:47:33.591+0000] {manager.py:740} INFO - There are 1 files in /opt/airflow/dags
[2025-11-18T02:47:41.666+0000] {manager.py:878} INFO - 
================================================================================
DAG File Processing Stats

File Path                                         PID    Runtime      # DAGs    # Errors  Last Runtime    Last Run
------------------------------------------------  -----  ---------  --------  ----------  --------------  -------------------
/opt/airflow/dags/flight_price_prediction_dag.py                           1           0  0.44s           2025-11-18T02:47:23
================================================================================
[2025-11-18T02:48:11.922+0000] {manager.py:878} INFO - 
================================================================================
DAG File Processing Stats

File Path                                         PID    Runtime      # DAGs    # Errors  Last Runtime    Last Run
------------------------------------------------  -----  ---------  --------  ----------  --------------  -------------------
/opt/airflow/dags/flight_price_prediction_dag.py                           1           0  0.51s           2025-11-18T02:47:54
================================================================================
[2025-11-18T02:48:42.109+0000] {manager.py:878} INFO - 
================================================================================
DAG File Processing Stats

File Path                                         PID    Runtime      # DAGs    # Errors  Last Runtime    Last Run
------------------------------------------------  -----  ---------  --------  ----------  --------------  -------------------
/opt/airflow/dags/flight_price_prediction_dag.py                           1           0  0.47s           2025-11-18T02:48:24
================================================================================
[2025-11-18T02:49:12.396+0000] {manager.py:878} INFO - 
================================================================================
DAG File Processing Stats

File Path                                         PID    Runtime      # DAGs    # Errors  Last Runtime    Last Run
------------------------------------------------  -----  ---------  --------  ----------  --------------  -------------------
/opt/airflow/dags/flight_price_prediction_dag.py                           1           0  0.46s           2025-11-18T02:48:55
================================================================================
[2025-11-18T02:49:42.521+0000] {manager.py:878} INFO - 
================================================================================
DAG File Processing Stats

File Path                                         PID    Runtime      # DAGs    # Errors  Last Runtime    Last Run
------------------------------------------------  -----  ---------  --------  ----------  --------------  -------------------
/opt/airflow/dags/flight_price_prediction_dag.py                           1           0  0.46s           2025-11-18T02:49:26
================================================================================
[2025-11-18T02:50:12.750+0000] {manager.py:878} INFO - 
================================================================================
DAG File Processing Stats

File Path                                         PID    Runtime      # DAGs    # Errors  Last Runtime    Last Run
------------------------------------------------  -----  ---------  --------  ----------  --------------  -------------------
/opt/airflow/dags/flight_price_prediction_dag.py                           1           0  0.43s           2025-11-18T02:49:57
================================================================================
[2025-11-18T02:50:42.921+0000] {manager.py:878} INFO - 
================================================================================
DAG File Processing Stats

File Path                                         PID    Runtime      # DAGs    # Errors  Last Runtime    Last Run
------------------------------------------------  -----  ---------  --------  ----------  --------------  -------------------
/opt/airflow/dags/flight_price_prediction_dag.py                           1           0  0.52s           2025-11-18T02:50:27
================================================================================
[2025-11-18T02:51:13.483+0000] {manager.py:878} INFO - 
================================================================================
DAG File Processing Stats

File Path                                         PID    Runtime      # DAGs    # Errors  Last Runtime    Last Run
------------------------------------------------  -----  ---------  --------  ----------  --------------  -------------------
/opt/airflow/dags/flight_price_prediction_dag.py                           1           0  1.17s           2025-11-18T02:50:59
================================================================================
[2025-11-18T02:51:44.317+0000] {manager.py:878} INFO - 
================================================================================
DAG File Processing Stats

File Path                                         PID    Runtime      # DAGs    # Errors  Last Runtime    Last Run
------------------------------------------------  -----  ---------  --------  ----------  --------------  -------------------
/opt/airflow/dags/flight_price_prediction_dag.py                           1           0  4.22s           2025-11-18T02:51:34
================================================================================
[2025-11-18T02:52:14.584+0000] {manager.py:878} INFO - 
================================================================================
DAG File Processing Stats

File Path                                         PID    Runtime      # DAGs    # Errors  Last Runtime    Last Run
------------------------------------------------  -----  ---------  --------  ----------  --------------  -------------------
/opt/airflow/dags/flight_price_prediction_dag.py                           1           0  0.45s           2025-11-18T02:52:04
================================================================================
[2025-11-18T02:52:33.720+0000] {manager.py:737} INFO - Searching for files in /opt/airflow/dags
[2025-11-18T02:52:33.733+0000] {manager.py:740} INFO - There are 1 files in /opt/airflow/dags
[2025-11-18T02:52:44.705+0000] {manager.py:878} INFO - 
================================================================================
DAG File Processing Stats

File Path                                         PID    Runtime      # DAGs    # Errors  Last Runtime    Last Run
------------------------------------------------  -----  ---------  --------  ----------  --------------  -------------------
/opt/airflow/dags/flight_price_prediction_dag.py                           1           0  0.45s           2025-11-18T02:52:35
================================================================================
[2025-11-18T02:53:14.949+0000] {manager.py:878} INFO - 
================================================================================
DAG File Processing Stats

File Path                                         PID    Runtime      # DAGs    # Errors  Last Runtime    Last Run
------------------------------------------------  -----  ---------  --------  ----------  --------------  -------------------
/opt/airflow/dags/flight_price_prediction_dag.py                           1           0  0.48s           2025-11-18T02:53:06
================================================================================
[2025-11-18T02:53:45.101+0000] {manager.py:878} INFO - 
================================================================================
DAG File Processing Stats

File Path                                         PID    Runtime      # DAGs    # Errors  Last Runtime    Last Run
------------------------------------------------  -----  ---------  --------  ----------  --------------  -------------------
/opt/airflow/dags/flight_price_prediction_dag.py                           1           0  0.44s           2025-11-18T02:53:37
================================================================================
[2025-11-18T02:54:15.316+0000] {manager.py:878} INFO - 
================================================================================
DAG File Processing Stats

File Path                                         PID    Runtime      # DAGs    # Errors  Last Runtime    Last Run
------------------------------------------------  -----  ---------  --------  ----------  --------------  -------------------
/opt/airflow/dags/flight_price_prediction_dag.py                           1           0  0.42s           2025-11-18T02:54:07
================================================================================
[2025-11-18T02:54:45.473+0000] {manager.py:878} INFO - 
================================================================================
DAG File Processing Stats

File Path                                         PID    Runtime      # DAGs    # Errors  Last Runtime    Last Run
------------------------------------------------  -----  ---------  --------  ----------  --------------  -------------------
/opt/airflow/dags/flight_price_prediction_dag.py                           1           0  0.51s           2025-11-18T02:54:38
================================================================================
[2025-11-18T02:55:16.183+0000] {manager.py:878} INFO - 
================================================================================
DAG File Processing Stats

File Path                                         PID    Runtime      # DAGs    # Errors  Last Runtime    Last Run
------------------------------------------------  -----  ---------  --------  ----------  --------------  -------------------
/opt/airflow/dags/flight_price_prediction_dag.py                           1           0  0.45s           2025-11-18T02:55:09
================================================================================
[2025-11-18T02:55:46.461+0000] {manager.py:878} INFO - 
================================================================================
DAG File Processing Stats

File Path                                         PID    Runtime      # DAGs    # Errors  Last Runtime    Last Run
------------------------------------------------  -----  ---------  --------  ----------  --------------  -------------------
/opt/airflow/dags/flight_price_prediction_dag.py                           1           0  0.44s           2025-11-18T02:55:39
================================================================================
[2025-11-18T02:56:16.550+0000] {manager.py:878} INFO - 
================================================================================
DAG File Processing Stats

File Path                                         PID    Runtime      # DAGs    # Errors  Last Runtime    Last Run
------------------------------------------------  -----  ---------  --------  ----------  --------------  -------------------
/opt/airflow/dags/flight_price_prediction_dag.py                           1           0  0.44s           2025-11-18T02:56:10
================================================================================
[2025-11-18T02:56:46.766+0000] {manager.py:878} INFO - 
================================================================================
DAG File Processing Stats

File Path                                         PID    Runtime      # DAGs    # Errors  Last Runtime    Last Run
------------------------------------------------  -----  ---------  --------  ----------  --------------  -------------------
/opt/airflow/dags/flight_price_prediction_dag.py                           1           0  0.44s           2025-11-18T02:56:41
================================================================================
[2025-11-18T02:57:16.867+0000] {manager.py:878} INFO - 
================================================================================
DAG File Processing Stats

File Path                                         PID    Runtime      # DAGs    # Errors  Last Runtime    Last Run
------------------------------------------------  -----  ---------  --------  ----------  --------------  -------------------
/opt/airflow/dags/flight_price_prediction_dag.py                           1           0  0.43s           2025-11-18T02:57:11
================================================================================
[2025-11-18T02:57:34.008+0000] {manager.py:737} INFO - Searching for files in /opt/airflow/dags
[2025-11-18T02:57:34.019+0000] {manager.py:740} INFO - There are 1 files in /opt/airflow/dags
[2025-11-18T02:57:47.154+0000] {manager.py:878} INFO - 
================================================================================
DAG File Processing Stats

File Path                                         PID    Runtime      # DAGs    # Errors  Last Runtime    Last Run
------------------------------------------------  -----  ---------  --------  ----------  --------------  -------------------
/opt/airflow/dags/flight_price_prediction_dag.py                           1           0  0.45s           2025-11-18T02:57:42
================================================================================
[2025-11-18T02:58:17.234+0000] {manager.py:878} INFO - 
================================================================================
DAG File Processing Stats

File Path                                         PID    Runtime      # DAGs    # Errors  Last Runtime    Last Run
------------------------------------------------  -----  ---------  --------  ----------  --------------  -------------------
/opt/airflow/dags/flight_price_prediction_dag.py                           1           0  0.42s           2025-11-18T02:58:13
================================================================================
[2025-11-18T02:58:47.479+0000] {manager.py:878} INFO - 
================================================================================
DAG File Processing Stats

File Path                                         PID    Runtime      # DAGs    # Errors  Last Runtime    Last Run
------------------------------------------------  -----  ---------  --------  ----------  --------------  -------------------
/opt/airflow/dags/flight_price_prediction_dag.py                           1           0  0.43s           2025-11-18T02:58:43
================================================================================
[2025-11-18T02:59:17.536+0000] {manager.py:878} INFO - 
================================================================================
DAG File Processing Stats

File Path                                         PID    Runtime      # DAGs    # Errors  Last Runtime    Last Run
------------------------------------------------  -----  ---------  --------  ----------  --------------  -------------------
/opt/airflow/dags/flight_price_prediction_dag.py                           1           0  0.44s           2025-11-18T02:59:14
================================================================================
[2025-11-18T02:59:47.804+0000] {manager.py:878} INFO - 
================================================================================
DAG File Processing Stats

File Path                                         PID    Runtime      # DAGs    # Errors  Last Runtime    Last Run
------------------------------------------------  -----  ---------  --------  ----------  --------------  -------------------
/opt/airflow/dags/flight_price_prediction_dag.py                           1           0  0.43s           2025-11-18T02:59:45
================================================================================
[2025-11-18T03:00:17.895+0000] {manager.py:878} INFO - 
================================================================================
DAG File Processing Stats

File Path                                         PID    Runtime      # DAGs    # Errors  Last Runtime    Last Run
------------------------------------------------  -----  ---------  --------  ----------  --------------  -------------------
/opt/airflow/dags/flight_price_prediction_dag.py                           1           0  0.44s           2025-11-18T03:00:15
================================================================================
[2025-11-18T03:00:48.111+0000] {manager.py:878} INFO - 
================================================================================
DAG File Processing Stats

File Path                                         PID    Runtime      # DAGs    # Errors  Last Runtime    Last Run
------------------------------------------------  -----  ---------  --------  ----------  --------------  -------------------
/opt/airflow/dags/flight_price_prediction_dag.py                           1           0  0.46s           2025-11-18T03:00:46
================================================================================
[2025-11-18T03:01:18.268+0000] {manager.py:878} INFO - 
================================================================================
DAG File Processing Stats

File Path                                         PID    Runtime      # DAGs    # Errors  Last Runtime    Last Run
------------------------------------------------  -----  ---------  --------  ----------  --------------  -------------------
/opt/airflow/dags/flight_price_prediction_dag.py                           1           0  0.44s           2025-11-18T03:01:17
================================================================================
[2025-11-18T03:01:48.511+0000] {manager.py:878} INFO - 
================================================================================
DAG File Processing Stats

File Path                                         PID    Runtime      # DAGs    # Errors  Last Runtime    Last Run
------------------------------------------------  -----  ---------  --------  ----------  --------------  -------------------
/opt/airflow/dags/flight_price_prediction_dag.py                           1           0  0.42s           2025-11-18T03:01:47
================================================================================
[2025-11-18T03:02:18.620+0000] {manager.py:878} INFO - 
================================================================================
DAG File Processing Stats

File Path                                         PID    Runtime      # DAGs    # Errors  Last Runtime    Last Run
------------------------------------------------  -----  ---------  --------  ----------  --------------  -------------------
/opt/airflow/dags/flight_price_prediction_dag.py                           1           0  0.44s           2025-11-18T03:02:18
================================================================================
[2025-11-18T03:02:34.329+0000] {manager.py:737} INFO - Searching for files in /opt/airflow/dags
[2025-11-18T03:02:34.340+0000] {manager.py:740} INFO - There are 1 files in /opt/airflow/dags
[2025-11-18T03:02:48.864+0000] {manager.py:878} INFO - 
================================================================================
DAG File Processing Stats

File Path                                           PID  Runtime      # DAGs    # Errors  Last Runtime    Last Run
------------------------------------------------  -----  ---------  --------  ----------  --------------  -------------------
/opt/airflow/dags/flight_price_prediction_dag.py    679  0.01s             1           0  0.44s           2025-11-18T03:02:18
================================================================================
[2025-11-18T03:03:19.135+0000] {manager.py:878} INFO - 
================================================================================
DAG File Processing Stats

File Path                                         PID    Runtime      # DAGs    # Errors  Last Runtime    Last Run
------------------------------------------------  -----  ---------  --------  ----------  --------------  -------------------
/opt/airflow/dags/flight_price_prediction_dag.py                           1           0  0.44s           2025-11-18T03:02:49
================================================================================
[2025-11-18T03:03:49.200+0000] {manager.py:878} INFO - 
================================================================================
DAG File Processing Stats

File Path                                         PID    Runtime      # DAGs    # Errors  Last Runtime    Last Run
------------------------------------------------  -----  ---------  --------  ----------  --------------  -------------------
/opt/airflow/dags/flight_price_prediction_dag.py                           1           0  0.44s           2025-11-18T03:03:19
================================================================================
[2025-11-18T03:04:19.466+0000] {manager.py:878} INFO - 
================================================================================
DAG File Processing Stats

File Path                                         PID    Runtime      # DAGs    # Errors  Last Runtime    Last Run
------------------------------------------------  -----  ---------  --------  ----------  --------------  -------------------
/opt/airflow/dags/flight_price_prediction_dag.py                           1           0  0.43s           2025-11-18T03:03:50
================================================================================
[2025-11-18T03:04:49.565+0000] {manager.py:878} INFO - 
================================================================================
DAG File Processing Stats

File Path                                         PID    Runtime      # DAGs    # Errors  Last Runtime    Last Run
------------------------------------------------  -----  ---------  --------  ----------  --------------  -------------------
/opt/airflow/dags/flight_price_prediction_dag.py                           1           0  0.44s           2025-11-18T03:04:21
================================================================================
[2025-11-18T03:05:19.830+0000] {manager.py:878} INFO - 
================================================================================
DAG File Processing Stats

File Path                                         PID    Runtime      # DAGs    # Errors  Last Runtime    Last Run
------------------------------------------------  -----  ---------  --------  ----------  --------------  -------------------
/opt/airflow/dags/flight_price_prediction_dag.py                           1           0  0.50s           2025-11-18T03:04:52
================================================================================
[2025-11-18T03:05:49.982+0000] {manager.py:878} INFO - 
================================================================================
DAG File Processing Stats

File Path                                         PID    Runtime      # DAGs    # Errors  Last Runtime    Last Run
------------------------------------------------  -----  ---------  --------  ----------  --------------  -------------------
/opt/airflow/dags/flight_price_prediction_dag.py                           1           0  0.43s           2025-11-18T03:05:22
================================================================================
[2025-11-18T03:06:20.202+0000] {manager.py:878} INFO - 
================================================================================
DAG File Processing Stats

File Path                                         PID    Runtime      # DAGs    # Errors  Last Runtime    Last Run
------------------------------------------------  -----  ---------  --------  ----------  --------------  -------------------
/opt/airflow/dags/flight_price_prediction_dag.py                           1           0  0.45s           2025-11-18T03:05:53
================================================================================
[2025-11-18T03:06:50.330+0000] {manager.py:878} INFO - 
================================================================================
DAG File Processing Stats

File Path                                         PID    Runtime      # DAGs    # Errors  Last Runtime    Last Run
------------------------------------------------  -----  ---------  --------  ----------  --------------  -------------------
/opt/airflow/dags/flight_price_prediction_dag.py                           1           0  0.45s           2025-11-18T03:06:24
================================================================================
[2025-11-18T03:07:20.599+0000] {manager.py:878} INFO - 
================================================================================
DAG File Processing Stats

File Path                                         PID    Runtime      # DAGs    # Errors  Last Runtime    Last Run
------------------------------------------------  -----  ---------  --------  ----------  --------------  -------------------
/opt/airflow/dags/flight_price_prediction_dag.py                           1           0  0.43s           2025-11-18T03:06:54
================================================================================
[2025-11-18T03:07:34.536+0000] {manager.py:737} INFO - Searching for files in /opt/airflow/dags
[2025-11-18T03:07:34.547+0000] {manager.py:740} INFO - There are 1 files in /opt/airflow/dags
[2025-11-18T03:07:50.664+0000] {manager.py:878} INFO - 
================================================================================
DAG File Processing Stats

File Path                                         PID    Runtime      # DAGs    # Errors  Last Runtime    Last Run
------------------------------------------------  -----  ---------  --------  ----------  --------------  -------------------
/opt/airflow/dags/flight_price_prediction_dag.py                           1           0  0.43s           2025-11-18T03:07:25
================================================================================
[2025-11-18T03:08:20.917+0000] {manager.py:878} INFO - 
================================================================================
DAG File Processing Stats

File Path                                         PID    Runtime      # DAGs    # Errors  Last Runtime    Last Run
------------------------------------------------  -----  ---------  --------  ----------  --------------  -------------------
/opt/airflow/dags/flight_price_prediction_dag.py                           1           0  0.43s           2025-11-18T03:07:56
================================================================================
[2025-11-18T03:08:50.994+0000] {manager.py:878} INFO - 
================================================================================
DAG File Processing Stats

File Path                                         PID    Runtime      # DAGs    # Errors  Last Runtime    Last Run
------------------------------------------------  -----  ---------  --------  ----------  --------------  -------------------
/opt/airflow/dags/flight_price_prediction_dag.py                           1           0  0.45s           2025-11-18T03:08:26
================================================================================
[2025-11-18T03:09:21.247+0000] {manager.py:878} INFO - 
================================================================================
DAG File Processing Stats

File Path                                         PID    Runtime      # DAGs    # Errors  Last Runtime    Last Run
------------------------------------------------  -----  ---------  --------  ----------  --------------  -------------------
/opt/airflow/dags/flight_price_prediction_dag.py                           1           0  0.45s           2025-11-18T03:08:57
================================================================================
[2025-11-18T03:09:51.422+0000] {manager.py:878} INFO - 
================================================================================
DAG File Processing Stats

File Path                                         PID    Runtime      # DAGs    # Errors  Last Runtime    Last Run
------------------------------------------------  -----  ---------  --------  ----------  --------------  -------------------
/opt/airflow/dags/flight_price_prediction_dag.py                           1           0  0.50s           2025-11-18T03:09:28
================================================================================
[2025-11-18T03:10:21.629+0000] {manager.py:878} INFO - 
================================================================================
DAG File Processing Stats

File Path                                         PID    Runtime      # DAGs    # Errors  Last Runtime    Last Run
------------------------------------------------  -----  ---------  --------  ----------  --------------  -------------------
/opt/airflow/dags/flight_price_prediction_dag.py                           1           0  0.50s           2025-11-18T03:09:58
================================================================================
[2025-11-18T03:10:51.839+0000] {manager.py:878} INFO - 
================================================================================
DAG File Processing Stats

File Path                                         PID    Runtime      # DAGs    # Errors  Last Runtime    Last Run
------------------------------------------------  -----  ---------  --------  ----------  --------------  -------------------
/opt/airflow/dags/flight_price_prediction_dag.py                           1           0  0.48s           2025-11-18T03:10:29
================================================================================
[2025-11-18T03:11:22.074+0000] {manager.py:878} INFO - 
================================================================================
DAG File Processing Stats

File Path                                         PID    Runtime      # DAGs    # Errors  Last Runtime    Last Run
------------------------------------------------  -----  ---------  --------  ----------  --------------  -------------------
/opt/airflow/dags/flight_price_prediction_dag.py                           1           0  0.44s           2025-11-18T03:11:00
================================================================================
[2025-11-18T03:11:52.236+0000] {manager.py:878} INFO - 
================================================================================
DAG File Processing Stats

File Path                                         PID    Runtime      # DAGs    # Errors  Last Runtime    Last Run
------------------------------------------------  -----  ---------  --------  ----------  --------------  -------------------
/opt/airflow/dags/flight_price_prediction_dag.py                           1           0  0.45s           2025-11-18T03:11:31
================================================================================
[2025-11-18T03:12:22.524+0000] {manager.py:878} INFO - 
================================================================================
DAG File Processing Stats

File Path                                         PID    Runtime      # DAGs    # Errors  Last Runtime    Last Run
------------------------------------------------  -----  ---------  --------  ----------  --------------  -------------------
/opt/airflow/dags/flight_price_prediction_dag.py                           1           0  0.43s           2025-11-18T03:12:01
================================================================================
[2025-11-18T03:12:35.023+0000] {manager.py:737} INFO - Searching for files in /opt/airflow/dags
[2025-11-18T03:12:35.035+0000] {manager.py:740} INFO - There are 1 files in /opt/airflow/dags
[2025-11-18T03:12:52.573+0000] {manager.py:878} INFO - 
================================================================================
DAG File Processing Stats

File Path                                         PID    Runtime      # DAGs    # Errors  Last Runtime    Last Run
------------------------------------------------  -----  ---------  --------  ----------  --------------  -------------------
/opt/airflow/dags/flight_price_prediction_dag.py                           1           0  0.42s           2025-11-18T03:12:32
================================================================================
[2025-11-18T03:13:22.843+0000] {manager.py:878} INFO - 
================================================================================
DAG File Processing Stats

File Path                                         PID    Runtime      # DAGs    # Errors  Last Runtime    Last Run
------------------------------------------------  -----  ---------  --------  ----------  --------------  -------------------
/opt/airflow/dags/flight_price_prediction_dag.py                           1           0  0.43s           2025-11-18T03:13:03
================================================================================
[2025-11-18T03:13:39.466+0000] {manager.py:452} INFO - Exiting gracefully upon receiving signal 15
